[debug] [2025-08-31T19:27:04.124Z] ----------------------------------------------------------------------
[debug] [2025-08-31T19:27:04.128Z] Command:       C:\Program Files\nodejs\node.exe C:\Users\César\AppData\Roaming\npm\node_modules\firebase-tools\lib\bin\firebase.js emulators:start --only functions
[debug] [2025-08-31T19:27:04.128Z] CLI Version:   14.15.1
[debug] [2025-08-31T19:27:04.128Z] Platform:      win32
[debug] [2025-08-31T19:27:04.128Z] Node Version:  v22.19.0
[debug] [2025-08-31T19:27:04.129Z] Time:          Sun Aug 31 2025 16:27:04 GMT-0300 (GMT-03:00)
[debug] [2025-08-31T19:27:04.129Z] ----------------------------------------------------------------------
[debug] 
[debug] [2025-08-31T19:27:04.392Z] > command requires scopes: ["email","openid","https://www.googleapis.com/auth/cloudplatformprojects.readonly","https://www.googleapis.com/auth/firebase","https://www.googleapis.com/auth/cloud-platform"]
[debug] [2025-08-31T19:27:04.392Z] > authorizing via signed-in user (profesionalesrnmagallanes@gmail.com)
[info] i  emulators: Starting emulators: functions {"metadata":{"emulator":{"name":"hub"},"message":"Starting emulators: functions"}}
[debug] [2025-08-31T19:27:04.410Z] [logging] Logging Emulator only supports listening on one address (127.0.0.1). Not listening on ::1
[debug] [2025-08-31T19:27:04.410Z] assigned listening specs for emulators {"user":{"hub":[{"address":"127.0.0.1","family":"IPv4","port":4400},{"address":"::1","family":"IPv6","port":4400}],"ui":[{"address":"127.0.0.1","family":"IPv4","port":4000},{"address":"::1","family":"IPv6","port":4000}],"logging":[{"address":"127.0.0.1","family":"IPv4","port":4500}]},"metadata":{"message":"assigned listening specs for emulators"}}
[debug] [2025-08-31T19:27:04.415Z] [hub] writing locator at C:\Users\CSAR~1\AppData\Local\Temp\hub-conteo-en-vivo.json
[debug] [2025-08-31T19:27:04.439Z] [functions] Functions Emulator only supports listening on one address (127.0.0.1). Not listening on ::1
[debug] [2025-08-31T19:27:04.440Z] [eventarc] Eventarc Emulator only supports listening on one address (127.0.0.1). Not listening on ::1
[debug] [2025-08-31T19:27:04.440Z] [tasks] Cloud Tasks Emulator only supports listening on one address (127.0.0.1). Not listening on ::1
[debug] [2025-08-31T19:27:04.440Z] late-assigned ports for functions and eventarc emulators {"user":{"hub":[{"address":"127.0.0.1","family":"IPv4","port":4400},{"address":"::1","family":"IPv6","port":4400}],"ui":[{"address":"127.0.0.1","family":"IPv4","port":4000},{"address":"::1","family":"IPv6","port":4000}],"logging":[{"address":"127.0.0.1","family":"IPv4","port":4500}],"functions":[{"address":"127.0.0.1","family":"IPv4","port":5001}],"eventarc":[{"address":"127.0.0.1","family":"IPv4","port":9299}],"tasks":[{"address":"127.0.0.1","family":"IPv4","port":9499}]},"metadata":{"message":"late-assigned ports for functions and eventarc emulators"}}
[warn] !  functions: The following emulators are not running, calls to these services from the Functions emulator will affect production: apphosting, auth, firestore, database, hosting, pubsub, storage, dataconnect {"metadata":{"emulator":{"name":"functions"},"message":"The following emulators are not running, calls to these services from the Functions emulator will affect production: \u001b[1mapphosting, auth, firestore, database, hosting, pubsub, storage, dataconnect\u001b[22m"}}
[debug] [2025-08-31T19:27:04.509Z] defaultcredentials: writing to file C:\Users\César\AppData\Roaming\firebase\profesionalesrnmagallanes_gmail_com_application_default_credentials.json
[debug] [2025-08-31T19:27:04.511Z] Setting GAC to C:\Users\César\AppData\Roaming\firebase\profesionalesrnmagallanes_gmail_com_application_default_credentials.json {"metadata":{"emulator":{"name":"functions"},"message":"Setting GAC to C:\\Users\\César\\AppData\\Roaming\\firebase\\profesionalesrnmagallanes_gmail_com_application_default_credentials.json"}}
[debug] [2025-08-31T19:27:04.512Z] Checked if tokens are valid: true, expires at: 1756671449811
[debug] [2025-08-31T19:27:04.512Z] Checked if tokens are valid: true, expires at: 1756671449811
[debug] [2025-08-31T19:27:04.514Z] >>> [apiv2][query] GET https://firebase.googleapis.com/v1beta1/projects/conteo-en-vivo/adminSdkConfig [none]
[debug] [2025-08-31T19:27:05.085Z] <<< [apiv2][status] GET https://firebase.googleapis.com/v1beta1/projects/conteo-en-vivo/adminSdkConfig 200
[debug] [2025-08-31T19:27:05.085Z] <<< [apiv2][body] GET https://firebase.googleapis.com/v1beta1/projects/conteo-en-vivo/adminSdkConfig {"projectId":"conteo-en-vivo","storageBucket":"conteo-en-vivo.firebasestorage.app"}
[info] i  ui: downloading ui-v1.15.0.zip... {"metadata":{"emulator":{"name":"ui"},"message":"downloading ui-v1.15.0.zip..."}}
[debug] [2025-08-31T19:27:05.117Z] >>> [apiv2][query] GET https://storage.googleapis.com/firebase-preview-drop/emulator/ui-v1.15.0.zip 
[debug] [2025-08-31T19:27:05.516Z] <<< [apiv2][status] GET https://storage.googleapis.com/firebase-preview-drop/emulator/ui-v1.15.0.zip 200
[debug] [2025-08-31T19:27:05.517Z] <<< [apiv2][body] GET https://storage.googleapis.com/firebase-preview-drop/emulator/ui-v1.15.0.zip [stream]
[debug] [2025-08-31T19:27:06.974Z] Data is 3538469
[debug] [2025-08-31T19:27:06.974Z] [unzip] Entry: client/ (compressed_size=0 bytes, uncompressed_size=0 bytes)
[debug] [2025-08-31T19:27:06.974Z] [unzip] Processing entry: client\
[debug] [2025-08-31T19:27:06.974Z] [unzip] mkdir: C:\Users\César\.cache\firebase\emulators\ui-v1.15.0\client\
[debug] [2025-08-31T19:27:06.975Z] [unzip] Entry: client/favicon-16x16.png (compressed_size=293 bytes, uncompressed_size=293 bytes)
[debug] [2025-08-31T19:27:06.975Z] [unzip] Processing entry: client\favicon-16x16.png
[debug] [2025-08-31T19:27:06.976Z] [unzip] else mkdir: C:\Users\César\.cache\firebase\emulators\ui-v1.15.0\client
[debug] [2025-08-31T19:27:06.976Z] [unzip] Writing file: C:\Users\César\.cache\firebase\emulators\ui-v1.15.0\client\favicon-16x16.png
[debug] [2025-08-31T19:27:06.977Z] [unzip] Entry: client/safari-pinned-tab.svg (compressed_size=1433 bytes, uncompressed_size=2611 bytes)
[debug] [2025-08-31T19:27:06.978Z] [unzip] Processing entry: client\safari-pinned-tab.svg
[debug] [2025-08-31T19:27:06.978Z] [unzip] else mkdir: C:\Users\César\.cache\firebase\emulators\ui-v1.15.0\client
[debug] [2025-08-31T19:27:06.978Z] [unzip] deflating: C:\Users\César\.cache\firebase\emulators\ui-v1.15.0\client\safari-pinned-tab.svg
[debug] [2025-08-31T19:27:06.982Z] [unzip] Entry: client/favicon.ico (compressed_size=2933 bytes, uncompressed_size=13294 bytes)
[debug] [2025-08-31T19:27:06.982Z] [unzip] Processing entry: client\favicon.ico
[debug] [2025-08-31T19:27:06.982Z] [unzip] else mkdir: C:\Users\César\.cache\firebase\emulators\ui-v1.15.0\client
[debug] [2025-08-31T19:27:06.983Z] [unzip] deflating: C:\Users\César\.cache\firebase\emulators\ui-v1.15.0\client\favicon.ico
[debug] [2025-08-31T19:27:06.985Z] [unzip] Entry: client/index.html (compressed_size=1364 bytes, uncompressed_size=3071 bytes)
[debug] [2025-08-31T19:27:06.985Z] [unzip] Processing entry: client\index.html
[debug] [2025-08-31T19:27:06.985Z] [unzip] else mkdir: C:\Users\César\.cache\firebase\emulators\ui-v1.15.0\client
[debug] [2025-08-31T19:27:06.985Z] [unzip] deflating: C:\Users\César\.cache\firebase\emulators\ui-v1.15.0\client\index.html
[debug] [2025-08-31T19:27:06.986Z] [unzip] Entry: client/android-chrome-192x192.png (compressed_size=2684 bytes, uncompressed_size=2684 bytes)
[debug] [2025-08-31T19:27:06.987Z] [unzip] Processing entry: client\android-chrome-192x192.png
[debug] [2025-08-31T19:27:06.987Z] [unzip] else mkdir: C:\Users\César\.cache\firebase\emulators\ui-v1.15.0\client
[debug] [2025-08-31T19:27:06.987Z] [unzip] Writing file: C:\Users\César\.cache\firebase\emulators\ui-v1.15.0\client\android-chrome-192x192.png
[debug] [2025-08-31T19:27:06.987Z] [unzip] Entry: client/apple-touch-icon.png (compressed_size=2123 bytes, uncompressed_size=2152 bytes)
[debug] [2025-08-31T19:27:06.987Z] [unzip] Processing entry: client\apple-touch-icon.png
[debug] [2025-08-31T19:27:06.988Z] [unzip] else mkdir: C:\Users\César\.cache\firebase\emulators\ui-v1.15.0\client
[debug] [2025-08-31T19:27:06.988Z] [unzip] deflating: C:\Users\César\.cache\firebase\emulators\ui-v1.15.0\client\apple-touch-icon.png
[debug] [2025-08-31T19:27:06.989Z] [unzip] Entry: client/android-chrome-512x512.png (compressed_size=5369 bytes, uncompressed_size=5411 bytes)
[debug] [2025-08-31T19:27:06.989Z] [unzip] Processing entry: client\android-chrome-512x512.png
[debug] [2025-08-31T19:27:06.989Z] [unzip] else mkdir: C:\Users\César\.cache\firebase\emulators\ui-v1.15.0\client
[debug] [2025-08-31T19:27:06.989Z] [unzip] deflating: C:\Users\César\.cache\firebase\emulators\ui-v1.15.0\client\android-chrome-512x512.png
[debug] [2025-08-31T19:27:06.991Z] [unzip] Entry: client/manifest.json (compressed_size=245 bytes, uncompressed_size=551 bytes)
[debug] [2025-08-31T19:27:06.991Z] [unzip] Processing entry: client\manifest.json
[debug] [2025-08-31T19:27:06.991Z] [unzip] else mkdir: C:\Users\César\.cache\firebase\emulators\ui-v1.15.0\client
[debug] [2025-08-31T19:27:06.991Z] [unzip] deflating: C:\Users\César\.cache\firebase\emulators\ui-v1.15.0\client\manifest.json
[debug] [2025-08-31T19:27:06.993Z] [unzip] Entry: client/robots.txt (compressed_size=26 bytes, uncompressed_size=26 bytes)
[debug] [2025-08-31T19:27:06.993Z] [unzip] Processing entry: client\robots.txt
[debug] [2025-08-31T19:27:06.993Z] [unzip] else mkdir: C:\Users\César\.cache\firebase\emulators\ui-v1.15.0\client
[debug] [2025-08-31T19:27:06.993Z] [unzip] Writing file: C:\Users\César\.cache\firebase\emulators\ui-v1.15.0\client\robots.txt
[debug] [2025-08-31T19:27:06.994Z] [unzip] Entry: client/mstile-150x150.png (compressed_size=2034 bytes, uncompressed_size=2034 bytes)
[debug] [2025-08-31T19:27:06.994Z] [unzip] Processing entry: client\mstile-150x150.png
[debug] [2025-08-31T19:27:06.994Z] [unzip] else mkdir: C:\Users\César\.cache\firebase\emulators\ui-v1.15.0\client
[debug] [2025-08-31T19:27:06.995Z] [unzip] Writing file: C:\Users\César\.cache\firebase\emulators\ui-v1.15.0\client\mstile-150x150.png
[debug] [2025-08-31T19:27:06.995Z] [unzip] Entry: client/assets/ (compressed_size=0 bytes, uncompressed_size=0 bytes)
[debug] [2025-08-31T19:27:06.995Z] [unzip] Processing entry: client\assets\
[debug] [2025-08-31T19:27:06.995Z] [unzip] mkdir: C:\Users\César\.cache\firebase\emulators\ui-v1.15.0\client\assets\
[debug] [2025-08-31T19:27:06.996Z] [unzip] Entry: client/assets/index-BX-A56oj.js (compressed_size=582089 bytes, uncompressed_size=2092775 bytes)
[debug] [2025-08-31T19:27:06.996Z] [unzip] Processing entry: client\assets\index-BX-A56oj.js
[debug] [2025-08-31T19:27:06.996Z] [unzip] else mkdir: C:\Users\César\.cache\firebase\emulators\ui-v1.15.0\client\assets
[debug] [2025-08-31T19:27:06.996Z] [unzip] deflating: C:\Users\César\.cache\firebase\emulators\ui-v1.15.0\client\assets\index-BX-A56oj.js
[debug] [2025-08-31T19:27:07.012Z] [unzip] Entry: client/assets/index-CjB9C900.css (compressed_size=35979 bytes, uncompressed_size=298654 bytes)
[debug] [2025-08-31T19:27:07.012Z] [unzip] Processing entry: client\assets\index-CjB9C900.css
[debug] [2025-08-31T19:27:07.012Z] [unzip] else mkdir: C:\Users\César\.cache\firebase\emulators\ui-v1.15.0\client\assets
[debug] [2025-08-31T19:27:07.012Z] [unzip] deflating: C:\Users\César\.cache\firebase\emulators\ui-v1.15.0\client\assets\index-CjB9C900.css
[debug] [2025-08-31T19:27:07.016Z] [unzip] Entry: client/assets/index-BX-A56oj.js.map (compressed_size=2362482 bytes, uncompressed_size=10036679 bytes)
[debug] [2025-08-31T19:27:07.016Z] [unzip] Processing entry: client\assets\index-BX-A56oj.js.map
[debug] [2025-08-31T19:27:07.016Z] [unzip] else mkdir: C:\Users\César\.cache\firebase\emulators\ui-v1.15.0\client\assets
[debug] [2025-08-31T19:27:07.016Z] [unzip] deflating: C:\Users\César\.cache\firebase\emulators\ui-v1.15.0\client\assets\index-BX-A56oj.js.map
[debug] [2025-08-31T19:27:07.072Z] [unzip] Entry: client/assets/extensions/ (compressed_size=0 bytes, uncompressed_size=0 bytes)
[debug] [2025-08-31T19:27:07.072Z] [unzip] Processing entry: client\assets\extensions\
[debug] [2025-08-31T19:27:07.072Z] [unzip] mkdir: C:\Users\César\.cache\firebase\emulators\ui-v1.15.0\client\assets\extensions\
[debug] [2025-08-31T19:27:07.073Z] [unzip] Entry: client/assets/extensions/default-extension.png (compressed_size=1646 bytes, uncompressed_size=1657 bytes)
[debug] [2025-08-31T19:27:07.073Z] [unzip] Processing entry: client\assets\extensions\default-extension.png
[debug] [2025-08-31T19:27:07.073Z] [unzip] else mkdir: C:\Users\César\.cache\firebase\emulators\ui-v1.15.0\client\assets\extensions
[debug] [2025-08-31T19:27:07.073Z] [unzip] deflating: C:\Users\César\.cache\firebase\emulators\ui-v1.15.0\client\assets\extensions\default-extension.png
[debug] [2025-08-31T19:27:07.074Z] [unzip] Entry: client/assets/img/ (compressed_size=0 bytes, uncompressed_size=0 bytes)
[debug] [2025-08-31T19:27:07.074Z] [unzip] Processing entry: client\assets\img\
[debug] [2025-08-31T19:27:07.074Z] [unzip] mkdir: C:\Users\César\.cache\firebase\emulators\ui-v1.15.0\client\assets\img\
[debug] [2025-08-31T19:27:07.075Z] [unzip] Entry: client/assets/img/database.png (compressed_size=29449 bytes, uncompressed_size=29988 bytes)
[debug] [2025-08-31T19:27:07.075Z] [unzip] Processing entry: client\assets\img\database.png
[debug] [2025-08-31T19:27:07.075Z] [unzip] else mkdir: C:\Users\César\.cache\firebase\emulators\ui-v1.15.0\client\assets\img
[debug] [2025-08-31T19:27:07.075Z] [unzip] deflating: C:\Users\César\.cache\firebase\emulators\ui-v1.15.0\client\assets\img\database.png
[debug] [2025-08-31T19:27:07.076Z] [unzip] Entry: client/assets/provider-icons/ (compressed_size=0 bytes, uncompressed_size=0 bytes)
[debug] [2025-08-31T19:27:07.076Z] [unzip] Processing entry: client\assets\provider-icons\
[debug] [2025-08-31T19:27:07.076Z] [unzip] mkdir: C:\Users\César\.cache\firebase\emulators\ui-v1.15.0\client\assets\provider-icons\
[debug] [2025-08-31T19:27:07.077Z] [unzip] Entry: client/assets/provider-icons/auth_service_saml.svg (compressed_size=575 bytes, uncompressed_size=1226 bytes)
[debug] [2025-08-31T19:27:07.077Z] [unzip] Processing entry: client\assets\provider-icons\auth_service_saml.svg
[debug] [2025-08-31T19:27:07.077Z] [unzip] else mkdir: C:\Users\César\.cache\firebase\emulators\ui-v1.15.0\client\assets\provider-icons
[debug] [2025-08-31T19:27:07.077Z] [unzip] deflating: C:\Users\César\.cache\firebase\emulators\ui-v1.15.0\client\assets\provider-icons\auth_service_saml.svg
[debug] [2025-08-31T19:27:07.078Z] [unzip] Entry: client/assets/provider-icons/auth_service_phone.svg (compressed_size=261 bytes, uncompressed_size=414 bytes)
[debug] [2025-08-31T19:27:07.078Z] [unzip] Processing entry: client\assets\provider-icons\auth_service_phone.svg
[debug] [2025-08-31T19:27:07.078Z] [unzip] else mkdir: C:\Users\César\.cache\firebase\emulators\ui-v1.15.0\client\assets\provider-icons
[debug] [2025-08-31T19:27:07.079Z] [unzip] deflating: C:\Users\César\.cache\firebase\emulators\ui-v1.15.0\client\assets\provider-icons\auth_service_phone.svg
[debug] [2025-08-31T19:27:07.080Z] [unzip] Entry: client/assets/provider-icons/auth_service_facebook.svg (compressed_size=289 bytes, uncompressed_size=457 bytes)
[debug] [2025-08-31T19:27:07.080Z] [unzip] Processing entry: client\assets\provider-icons\auth_service_facebook.svg
[debug] [2025-08-31T19:27:07.080Z] [unzip] else mkdir: C:\Users\César\.cache\firebase\emulators\ui-v1.15.0\client\assets\provider-icons
[debug] [2025-08-31T19:27:07.080Z] [unzip] deflating: C:\Users\César\.cache\firebase\emulators\ui-v1.15.0\client\assets\provider-icons\auth_service_facebook.svg
[debug] [2025-08-31T19:27:07.081Z] [unzip] Entry: client/assets/provider-icons/auth_service_game_center.svg (compressed_size=991 bytes, uncompressed_size=3921 bytes)
[debug] [2025-08-31T19:27:07.082Z] [unzip] Processing entry: client\assets\provider-icons\auth_service_game_center.svg
[debug] [2025-08-31T19:27:07.082Z] [unzip] else mkdir: C:\Users\César\.cache\firebase\emulators\ui-v1.15.0\client\assets\provider-icons
[debug] [2025-08-31T19:27:07.082Z] [unzip] deflating: C:\Users\César\.cache\firebase\emulators\ui-v1.15.0\client\assets\provider-icons\auth_service_game_center.svg
[debug] [2025-08-31T19:27:07.083Z] [unzip] Entry: client/assets/provider-icons/auth_service_apple.svg (compressed_size=230 bytes, uncompressed_size=334 bytes)
[debug] [2025-08-31T19:27:07.083Z] [unzip] Processing entry: client\assets\provider-icons\auth_service_apple.svg
[debug] [2025-08-31T19:27:07.083Z] [unzip] else mkdir: C:\Users\César\.cache\firebase\emulators\ui-v1.15.0\client\assets\provider-icons
[debug] [2025-08-31T19:27:07.084Z] [unzip] deflating: C:\Users\César\.cache\firebase\emulators\ui-v1.15.0\client\assets\provider-icons\auth_service_apple.svg
[debug] [2025-08-31T19:27:07.085Z] [unzip] Entry: client/assets/provider-icons/auth_service_github.svg (compressed_size=466 bytes, uncompressed_size=838 bytes)
[debug] [2025-08-31T19:27:07.085Z] [unzip] Processing entry: client\assets\provider-icons\auth_service_github.svg
[debug] [2025-08-31T19:27:07.085Z] [unzip] else mkdir: C:\Users\César\.cache\firebase\emulators\ui-v1.15.0\client\assets\provider-icons
[debug] [2025-08-31T19:27:07.085Z] [unzip] deflating: C:\Users\César\.cache\firebase\emulators\ui-v1.15.0\client\assets\provider-icons\auth_service_github.svg
[debug] [2025-08-31T19:27:07.087Z] [unzip] Entry: client/assets/provider-icons/auth_service_mslive.svg (compressed_size=203 bytes, uncompressed_size=378 bytes)
[debug] [2025-08-31T19:27:07.087Z] [unzip] Processing entry: client\assets\provider-icons\auth_service_mslive.svg
[debug] [2025-08-31T19:27:07.087Z] [unzip] else mkdir: C:\Users\César\.cache\firebase\emulators\ui-v1.15.0\client\assets\provider-icons
[debug] [2025-08-31T19:27:07.087Z] [unzip] deflating: C:\Users\César\.cache\firebase\emulators\ui-v1.15.0\client\assets\provider-icons\auth_service_mslive.svg
[debug] [2025-08-31T19:27:07.088Z] [unzip] Entry: client/assets/provider-icons/auth_service_yahoo.svg (compressed_size=577 bytes, uncompressed_size=1182 bytes)
[debug] [2025-08-31T19:27:07.088Z] [unzip] Processing entry: client\assets\provider-icons\auth_service_yahoo.svg
[debug] [2025-08-31T19:27:07.088Z] [unzip] else mkdir: C:\Users\César\.cache\firebase\emulators\ui-v1.15.0\client\assets\provider-icons
[debug] [2025-08-31T19:27:07.089Z] [unzip] deflating: C:\Users\César\.cache\firebase\emulators\ui-v1.15.0\client\assets\provider-icons\auth_service_yahoo.svg
[debug] [2025-08-31T19:27:07.090Z] [unzip] Entry: client/assets/provider-icons/auth_service_twitter.svg (compressed_size=444 bytes, uncompressed_size=751 bytes)
[debug] [2025-08-31T19:27:07.090Z] [unzip] Processing entry: client\assets\provider-icons\auth_service_twitter.svg
[debug] [2025-08-31T19:27:07.090Z] [unzip] else mkdir: C:\Users\César\.cache\firebase\emulators\ui-v1.15.0\client\assets\provider-icons
[debug] [2025-08-31T19:27:07.091Z] [unzip] deflating: C:\Users\César\.cache\firebase\emulators\ui-v1.15.0\client\assets\provider-icons\auth_service_twitter.svg
[debug] [2025-08-31T19:27:07.092Z] [unzip] Entry: client/assets/provider-icons/auth_service_play_games.svg (compressed_size=565 bytes, uncompressed_size=1173 bytes)
[debug] [2025-08-31T19:27:07.092Z] [unzip] Processing entry: client\assets\provider-icons\auth_service_play_games.svg
[debug] [2025-08-31T19:27:07.092Z] [unzip] else mkdir: C:\Users\César\.cache\firebase\emulators\ui-v1.15.0\client\assets\provider-icons
[debug] [2025-08-31T19:27:07.092Z] [unzip] deflating: C:\Users\César\.cache\firebase\emulators\ui-v1.15.0\client\assets\provider-icons\auth_service_play_games.svg
[debug] [2025-08-31T19:27:07.094Z] [unzip] Entry: client/assets/provider-icons/auth_service_email.svg (compressed_size=228 bytes, uncompressed_size=326 bytes)
[debug] [2025-08-31T19:27:07.094Z] [unzip] Processing entry: client\assets\provider-icons\auth_service_email.svg
[debug] [2025-08-31T19:27:07.094Z] [unzip] else mkdir: C:\Users\César\.cache\firebase\emulators\ui-v1.15.0\client\assets\provider-icons
[debug] [2025-08-31T19:27:07.094Z] [unzip] deflating: C:\Users\César\.cache\firebase\emulators\ui-v1.15.0\client\assets\provider-icons\auth_service_email.svg
[debug] [2025-08-31T19:27:07.096Z] [unzip] Entry: client/assets/provider-icons/auth_service_google.svg (compressed_size=409 bytes, uncompressed_size=720 bytes)
[debug] [2025-08-31T19:27:07.096Z] [unzip] Processing entry: client\assets\provider-icons\auth_service_google.svg
[debug] [2025-08-31T19:27:07.096Z] [unzip] else mkdir: C:\Users\César\.cache\firebase\emulators\ui-v1.15.0\client\assets\provider-icons
[debug] [2025-08-31T19:27:07.096Z] [unzip] deflating: C:\Users\César\.cache\firebase\emulators\ui-v1.15.0\client\assets\provider-icons\auth_service_google.svg
[debug] [2025-08-31T19:27:07.097Z] [unzip] Entry: client/assets/provider-icons/auth_service_oidc.svg (compressed_size=414 bytes, uncompressed_size=858 bytes)
[debug] [2025-08-31T19:27:07.098Z] [unzip] Processing entry: client\assets\provider-icons\auth_service_oidc.svg
[debug] [2025-08-31T19:27:07.098Z] [unzip] else mkdir: C:\Users\César\.cache\firebase\emulators\ui-v1.15.0\client\assets\provider-icons
[debug] [2025-08-31T19:27:07.098Z] [unzip] deflating: C:\Users\César\.cache\firebase\emulators\ui-v1.15.0\client\assets\provider-icons\auth_service_oidc.svg
[debug] [2025-08-31T19:27:07.099Z] [unzip] Entry: client/browserconfig.xml (compressed_size=491 bytes, uncompressed_size=822 bytes)
[debug] [2025-08-31T19:27:07.099Z] [unzip] Processing entry: client\browserconfig.xml
[debug] [2025-08-31T19:27:07.099Z] [unzip] else mkdir: C:\Users\César\.cache\firebase\emulators\ui-v1.15.0\client
[debug] [2025-08-31T19:27:07.099Z] [unzip] deflating: C:\Users\César\.cache\firebase\emulators\ui-v1.15.0\client\browserconfig.xml
[debug] [2025-08-31T19:27:07.101Z] [unzip] Entry: client/favicon-32x32.png (compressed_size=475 bytes, uncompressed_size=475 bytes)
[debug] [2025-08-31T19:27:07.101Z] [unzip] Processing entry: client\favicon-32x32.png
[debug] [2025-08-31T19:27:07.101Z] [unzip] else mkdir: C:\Users\César\.cache\firebase\emulators\ui-v1.15.0\client
[debug] [2025-08-31T19:27:07.101Z] [unzip] Writing file: C:\Users\César\.cache\firebase\emulators\ui-v1.15.0\client\favicon-32x32.png
[debug] [2025-08-31T19:27:07.102Z] [unzip] Entry: server/ (compressed_size=0 bytes, uncompressed_size=0 bytes)
[debug] [2025-08-31T19:27:07.102Z] [unzip] Processing entry: server\
[debug] [2025-08-31T19:27:07.102Z] [unzip] mkdir: C:\Users\César\.cache\firebase\emulators\ui-v1.15.0\server\
[debug] [2025-08-31T19:27:07.103Z] [unzip] Entry: server/server.mjs.map (compressed_size=217845 bytes, uncompressed_size=944978 bytes)
[debug] [2025-08-31T19:27:07.103Z] [unzip] Processing entry: server\server.mjs.map
[debug] [2025-08-31T19:27:07.103Z] [unzip] else mkdir: C:\Users\César\.cache\firebase\emulators\ui-v1.15.0\server
[debug] [2025-08-31T19:27:07.103Z] [unzip] deflating: C:\Users\César\.cache\firebase\emulators\ui-v1.15.0\server\server.mjs.map
[debug] [2025-08-31T19:27:07.110Z] [unzip] Entry: server/server.mjs (compressed_size=276407 bytes, uncompressed_size=933701 bytes)
[debug] [2025-08-31T19:27:07.110Z] [unzip] Processing entry: server\server.mjs
[debug] [2025-08-31T19:27:07.110Z] [unzip] else mkdir: C:\Users\César\.cache\firebase\emulators\ui-v1.15.0\server
[debug] [2025-08-31T19:27:07.110Z] [unzip] deflating: C:\Users\César\.cache\firebase\emulators\ui-v1.15.0\server\server.mjs
[info] i  functions: Watching "C:\Users\César\Desktop\Reels\Conteo Git Clon\panel-conteo\functions" for Cloud Functions... {"metadata":{"emulator":{"name":"functions"},"message":"Watching \"C:\\Users\\César\\Desktop\\Reels\\Conteo Git Clon\\panel-conteo\\functions\" for Cloud Functions..."}}
[debug] [2025-08-31T19:27:07.130Z] Validating nodejs source
[debug] [2025-08-31T19:27:08.315Z] > [functions] package.json contents: {
  "name": "functions",
  "description": "Cloud Functions for Firebase",
  "scripts": {
    "lint": "eslint .",
    "serve": "firebase emulators:start --only functions",
    "shell": "firebase functions:shell",
    "start": "npm run shell",
    "deploy": "firebase deploy --only functions",
    "logs": "firebase functions:log"
  },
  "engines": {
    "node": "22"
  },
  "main": "index.js",
  "dependencies": {
    "firebase-admin": "^12.6.0",
    "firebase-functions": "^6.0.1"
  },
  "devDependencies": {
    "eslint": "^8.15.0",
    "eslint-config-google": "^0.14.0",
    "firebase-functions-test": "^3.1.0"
  },
  "private": true
}
[debug] [2025-08-31T19:27:08.315Z] Building nodejs source
[debug] [2025-08-31T19:27:08.316Z] Failed to find version of module node: reached end of search path C:\Users\César\Desktop\Reels\Conteo Git Clon\panel-conteo\functions\node_modules
[info] +  functions: Using node@22 from host. 
[debug] [2025-08-31T19:27:08.319Z] Could not find functions.yaml. Must use http discovery
[debug] [2025-08-31T19:27:08.325Z] Found firebase-functions binary at 'C:\Users\César\Desktop\Reels\Conteo Git Clon\panel-conteo\functions\node_modules\.bin\firebase-functions'
[info] Serving at port 8181

[debug] [2025-08-31T19:27:09.130Z] Got response from /__/functions.yaml {"endpoints":{},"specVersion":"v1alpha1","requiredAPIs":[],"extensions":{}}
[info] +  functions: Loaded functions definitions from source: . {"metadata":{"emulator":{"name":"functions"},"message":"Loaded functions definitions from source: ."}}
[debug] [2025-08-31T19:27:13.217Z] Could not find VSCode notification endpoint: FetchError: request to http://localhost:40001/vscode/notify failed, reason: . If you are not running the Firebase Data Connect VSCode extension, this is expected and not an issue.
[info] 
┌─────────────────────────────────────────────────────────────┐
│ ✔  All emulators ready! It is now safe to connect your app. │
│ i  View Emulator UI at http://127.0.0.1:4000/               │
└─────────────────────────────────────────────────────────────┘

┌───────────┬────────────────┬─────────────────────────────────┐
│ Emulator  │ Host:Port      │ View in Emulator UI             │
├───────────┼────────────────┼─────────────────────────────────┤
│ Functions │ 127.0.0.1:5001 │ http://127.0.0.1:4000/functions │
└───────────┴────────────────┴─────────────────────────────────┘
  Emulator Hub host: 127.0.0.1 port: 4400
  Other reserved ports: 4500

Issues? Report them at https://github.com/firebase/firebase-tools/issues and attach the *-debug.log files.
 
[debug] [2025-08-31T19:33:28.705Z] Functions emulator received unknown request at path /%3Ctu-project-id%3E/%3Cregion%3E/helloWorld
[debug] [2025-08-31T19:33:28.791Z] Functions emulator received unknown request at path /favicon.ico
[debug] [2025-08-31T19:41:14.885Z] File C:\Users\César\Desktop\Reels\Conteo Git Clon\panel-conteo\functions\index.js changed, reloading triggers {"metadata":{"emulator":{"name":"functions"},"message":"File C:\\Users\\César\\Desktop\\Reels\\Conteo Git Clon\\panel-conteo\\functions\\index.js changed, reloading triggers"}}
[debug] [2025-08-31T19:41:15.891Z] Validating nodejs source
[debug] [2025-08-31T19:41:17.264Z] > [functions] package.json contents: {
  "name": "functions",
  "description": "Cloud Functions for Firebase",
  "scripts": {
    "lint": "eslint .",
    "serve": "firebase emulators:start --only functions",
    "shell": "firebase functions:shell",
    "start": "npm run shell",
    "deploy": "firebase deploy --only functions",
    "logs": "firebase functions:log"
  },
  "engines": {
    "node": "22"
  },
  "main": "index.js",
  "dependencies": {
    "firebase-admin": "^12.6.0",
    "firebase-functions": "^6.0.1"
  },
  "devDependencies": {
    "eslint": "^8.15.0",
    "eslint-config-google": "^0.14.0",
    "firebase-functions-test": "^3.1.0"
  },
  "private": true
}
[debug] [2025-08-31T19:41:17.264Z] Building nodejs source
[debug] [2025-08-31T19:41:17.264Z] Failed to find version of module node: reached end of search path C:\Users\César\Desktop\Reels\Conteo Git Clon\panel-conteo\functions\node_modules
[info] +  functions: Using node@22 from host. 
[debug] [2025-08-31T19:41:17.266Z] Could not find functions.yaml. Must use http discovery
[debug] [2025-08-31T19:41:17.272Z] Found firebase-functions binary at 'C:\Users\César\Desktop\Reels\Conteo Git Clon\panel-conteo\functions\node_modules\.bin\firebase-functions'
[info] Serving at port 8745

[debug] [2025-08-31T19:41:18.116Z] Got response from /__/functions.yaml {"endpoints":{"setAdminClaim":{"availableMemoryMb":null,"timeoutSeconds":null,"minInstances":null,"maxInstances":10,"ingressSettings":null,"concurrency":null,"serviceAccountEmail":null,"vpc":null,"platform":"gcfv2","labels":{},"callableTrigger":{},"entryPoint":"setAdminClaim"}},"specVersion":"v1alpha1","requiredAPIs":[],"extensions":{}}
[info] +  functions: Loaded functions definitions from source: setAdminClaim. {"metadata":{"emulator":{"name":"functions"},"message":"Loaded functions definitions from source: setAdminClaim."}}
[info] +  functions[us-central1-setAdminClaim]: http function initialized (http://127.0.0.1:5001/conteo-en-vivo/us-central1/setAdminClaim). {"metadata":{"emulator":{"name":"functions"},"message":"\u001b[1mhttp\u001b[22m function initialized (http://127.0.0.1:5001/conteo-en-vivo/us-central1/setAdminClaim)."}}
